=========================
FCITX 4.2.9.7 -- Get Signal No.: 6
Date: try "date -d @1613571869" if you are using GNU date ***
ProcessID: 2378
fcitx(+0x17d6)[0x565430f137d6]
/usr/lib/libc.so.6(+0x3cf80)[0x7fbb5aff5f80]
/usr/lib/libc.so.6(gsignal+0x145)[0x7fbb5aff5ef5]
/usr/lib/libc.so.6(abort+0x116)[0x7fbb5afdf862]
/usr/lib/libc.so.6(+0x26747)[0x7fbb5afdf747]
/usr/lib/libc.so.6(+0x35646)[0x7fbb5afee646]
/usr/lib/libgooglepinyin.so.0(_ZN10ime_pinyin12MatrixSearch18cancel_last_choiceEv+0x113)[0x7fbb56de95e3]
/usr/lib/fcitx/fcitx-googlepinyin.so(+0x3096)[0x7fbb5796b096]
/usr/lib/libfcitx-core.so.0(FcitxInstanceProcessKey+0x55e)[0x7fbb5b1e883e]
/usr/lib/fcitx/fcitx-ipc.so(+0x5d72)[0x7fbb56e53d72]
/usr/lib/libdbus-1.so.3(+0x277d6)[0x7fbb5a94d7d6]
/usr/lib/libdbus-1.so.3(dbus_connection_dispatch+0x4fd)[0x7fbb5a93d3bd]
/usr/lib/fcitx/fcitx-dbus.so(+0x2409)[0x7fbb5b216409]
/usr/lib/fcitx/fcitx-dbus.so(+0x2537)[0x7fbb5b216537]
/usr/lib/libfcitx-core.so.0(+0x9612)[0x7fbb5b1dd612]
/usr/lib/libfcitx-core.so.0(FcitxInstanceRun+0x57)[0x7fbb5b1dddb7]
fcitx(+0x113e)[0x565430f1313e]
/usr/lib/libc.so.6(__libc_start_main+0xd5)[0x7fbb5afe0b25]
fcitx(+0x11be)[0x565430f131be]
